<?xml version="1.0" encoding="UTF-8"?>
<testng-results ignored="0" total="52" passed="52" failed="0" skipped="0">
  <reporter-output>
  </reporter-output>
  <suite started-at="2025-05-24T18:47:16Z" name="ST1048177" finished-at="2025-05-24T18:47:17Z" duration-ms="326">
    <groups>
    </groups>
    <test started-at="2025-05-24T18:47:16Z" name="TestNG tests" finished-at="2025-05-24T18:47:16Z" duration-ms="59">
      <class name="Assignment_1.QuickChatAppNGTest">
        <test-method signature="testGenerateMessageId()[pri:0, instance:Assignment_1.QuickChatAppNGTest@78e67e0a]" started-at="2025-05-24T18:47:16Z" name="testGenerateMessageId" finished-at="2025-05-24T18:47:16Z" duration-ms="1" status="PASS">
          <reporter-output>
          </reporter-output>
        </test-method> <!-- testGenerateMessageId -->
        <test-method signature="testGetTotalMessagesSent()[pri:0, instance:Assignment_1.QuickChatAppNGTest@78e67e0a]" started-at="2025-05-24T18:47:16Z" name="testGetTotalMessagesSent" finished-at="2025-05-24T18:47:16Z" duration-ms="1" status="PASS">
          <reporter-output>
          </reporter-output>
        </test-method> <!-- testGetTotalMessagesSent -->
        <test-method signature="testGetMessageStatus()[pri:0, instance:Assignment_1.QuickChatAppNGTest@78e67e0a]" started-at="2025-05-24T18:47:16Z" name="testGetMessageStatus" finished-at="2025-05-24T18:47:16Z" duration-ms="0" status="PASS">
          <reporter-output>
          </reporter-output>
        </test-method> <!-- testGetMessageStatus -->
        <test-method signature="testStartApplication()[pri:0, instance:Assignment_1.QuickChatAppNGTest@78e67e0a]" started-at="2025-05-24T18:47:16Z" name="testStartApplication" finished-at="2025-05-24T18:47:16Z" duration-ms="1" status="PASS">
          <reporter-output>
          </reporter-output>
        </test-method> <!-- testStartApplication -->
      </class> <!-- Assignment_1.QuickChatAppNGTest -->
      <class name="Assignment_1.LoginNGTest">
        <test-method signature="testCheckLocalPhoneNumber()[pri:0, instance:Assignment_1.LoginNGTest@76b0bfab]" started-at="2025-05-24T18:47:16Z" name="testCheckLocalPhoneNumber" finished-at="2025-05-24T18:47:16Z" duration-ms="6" status="PASS">
          <reporter-output>
          </reporter-output>
        </test-method> <!-- testCheckLocalPhoneNumber -->
        <test-method signature="testLoginUser()[pri:0, instance:Assignment_1.LoginNGTest@76b0bfab]" started-at="2025-05-24T18:47:16Z" name="testLoginUser" finished-at="2025-05-24T18:47:16Z" duration-ms="1" status="PASS">
          <reporter-output>
          </reporter-output>
        </test-method> <!-- testLoginUser -->
        <test-method signature="testCheckUsername()[pri:0, instance:Assignment_1.LoginNGTest@76b0bfab]" started-at="2025-05-24T18:47:16Z" name="testCheckUsername" finished-at="2025-05-24T18:47:16Z" duration-ms="0" status="PASS">
          <reporter-output>
          </reporter-output>
        </test-method> <!-- testCheckUsername -->
        <test-method signature="testCheckPasswordComplexity()[pri:0, instance:Assignment_1.LoginNGTest@76b0bfab]" started-at="2025-05-24T18:47:16Z" name="testCheckPasswordComplexity" finished-at="2025-05-24T18:47:16Z" duration-ms="0" status="PASS">
          <reporter-output>
          </reporter-output>
        </test-method> <!-- testCheckPasswordComplexity -->
        <test-method signature="testRegisterUser()[pri:0, instance:Assignment_1.LoginNGTest@76b0bfab]" started-at="2025-05-24T18:47:16Z" name="testRegisterUser" finished-at="2025-05-24T18:47:16Z" duration-ms="0" status="PASS">
          <reporter-output>
          </reporter-output>
        </test-method> <!-- testRegisterUser -->
        <test-method signature="testReturnLoginStatus()[pri:0, instance:Assignment_1.LoginNGTest@76b0bfab]" started-at="2025-05-24T18:47:16Z" name="testReturnLoginStatus" finished-at="2025-05-24T18:47:16Z" duration-ms="0" status="PASS">
          <reporter-output>
          </reporter-output>
        </test-method> <!-- testReturnLoginStatus -->
      </class> <!-- Assignment_1.LoginNGTest -->
      <class name="Assignment_1.MessageNGTest">
        <test-method signature="testCheckMessageLength()[pri:0, instance:Assignment_1.MessageNGTest@3043fe0e]" started-at="2025-05-24T18:47:16Z" name="testCheckMessageLength" finished-at="2025-05-24T18:47:16Z" duration-ms="1" status="PASS">
          <reporter-output>
          </reporter-output>
        </test-method> <!-- testCheckMessageLength -->
        <test-method signature="testCheckRecipientCell()[pri:0, instance:Assignment_1.MessageNGTest@3043fe0e]" started-at="2025-05-24T18:47:16Z" name="testCheckRecipientCell" finished-at="2025-05-24T18:47:16Z" duration-ms="0" status="PASS">
          <reporter-output>
          </reporter-output>
        </test-method> <!-- testCheckRecipientCell -->
        <test-method signature="testGetMessageLengthError()[pri:0, instance:Assignment_1.MessageNGTest@3043fe0e]" started-at="2025-05-24T18:47:16Z" name="testGetMessageLengthError" finished-at="2025-05-24T18:47:16Z" duration-ms="2" status="PASS">
          <reporter-output>
          </reporter-output>
        </test-method> <!-- testGetMessageLengthError -->
        <test-method signature="testGetMessageId()[pri:0, instance:Assignment_1.MessageNGTest@3043fe0e]" started-at="2025-05-24T18:47:16Z" name="testGetMessageId" finished-at="2025-05-24T18:47:16Z" duration-ms="0" status="PASS">
          <reporter-output>
          </reporter-output>
        </test-method> <!-- testGetMessageId -->
        <test-method signature="testCreateMessageHash()[pri:0, instance:Assignment_1.MessageNGTest@3043fe0e]" started-at="2025-05-24T18:47:16Z" name="testCreateMessageHash" finished-at="2025-05-24T18:47:16Z" duration-ms="0" status="PASS">
          <reporter-output>
          </reporter-output>
        </test-method> <!-- testCreateMessageHash -->
        <test-method signature="testIsRead()[pri:0, instance:Assignment_1.MessageNGTest@3043fe0e]" started-at="2025-05-24T18:47:16Z" name="testIsRead" finished-at="2025-05-24T18:47:16Z" duration-ms="1" status="PASS">
          <reporter-output>
          </reporter-output>
        </test-method> <!-- testIsRead -->
        <test-method signature="testGetMessageText()[pri:0, instance:Assignment_1.MessageNGTest@3043fe0e]" started-at="2025-05-24T18:47:16Z" name="testGetMessageText" finished-at="2025-05-24T18:47:16Z" duration-ms="0" status="PASS">
          <reporter-output>
          </reporter-output>
        </test-method> <!-- testGetMessageText -->
        <test-method signature="testGetMessageNumber()[pri:0, instance:Assignment_1.MessageNGTest@3043fe0e]" started-at="2025-05-24T18:47:16Z" name="testGetMessageNumber" finished-at="2025-05-24T18:47:16Z" duration-ms="0" status="PASS">
          <reporter-output>
          </reporter-output>
        </test-method> <!-- testGetMessageNumber -->
        <test-method signature="testGetRecipient()[pri:0, instance:Assignment_1.MessageNGTest@3043fe0e]" started-at="2025-05-24T18:47:16Z" name="testGetRecipient" finished-at="2025-05-24T18:47:16Z" duration-ms="0" status="PASS">
          <reporter-output>
          </reporter-output>
        </test-method> <!-- testGetRecipient -->
        <test-method signature="testIsSent()[pri:0, instance:Assignment_1.MessageNGTest@3043fe0e]" started-at="2025-05-24T18:47:16Z" name="testIsSent" finished-at="2025-05-24T18:47:16Z" duration-ms="0" status="PASS">
          <reporter-output>
          </reporter-output>
        </test-method> <!-- testIsSent -->
        <test-method signature="testSetReceived()[pri:0, instance:Assignment_1.MessageNGTest@3043fe0e]" started-at="2025-05-24T18:47:16Z" name="testSetReceived" finished-at="2025-05-24T18:47:16Z" duration-ms="1" status="PASS">
          <reporter-output>
          </reporter-output>
        </test-method> <!-- testSetReceived -->
        <test-method signature="testSetRead()[pri:0, instance:Assignment_1.MessageNGTest@3043fe0e]" started-at="2025-05-24T18:47:16Z" name="testSetRead" finished-at="2025-05-24T18:47:16Z" duration-ms="0" status="PASS">
          <reporter-output>
          </reporter-output>
        </test-method> <!-- testSetRead -->
        <test-method signature="testIsReceived()[pri:0, instance:Assignment_1.MessageNGTest@3043fe0e]" started-at="2025-05-24T18:47:16Z" name="testIsReceived" finished-at="2025-05-24T18:47:16Z" duration-ms="0" status="PASS">
          <reporter-output>
          </reporter-output>
        </test-method> <!-- testIsReceived -->
        <test-method signature="testSetSent()[pri:0, instance:Assignment_1.MessageNGTest@3043fe0e]" started-at="2025-05-24T18:47:16Z" name="testSetSent" finished-at="2025-05-24T18:47:16Z" duration-ms="0" status="PASS">
          <reporter-output>
          </reporter-output>
        </test-method> <!-- testSetSent -->
        <test-method signature="testStoreMessage()[pri:0, instance:Assignment_1.MessageNGTest@3043fe0e]" started-at="2025-05-24T18:47:16Z" name="testStoreMessage" finished-at="2025-05-24T18:47:16Z" duration-ms="0" status="PASS">
          <reporter-output>
          </reporter-output>
        </test-method> <!-- testStoreMessage -->
      </class> <!-- Assignment_1.MessageNGTest -->
      <class name="Assignment_1.MainNGTest">
        <test-method signature="testMain()[pri:0, instance:Assignment_1.MainNGTest@17d677df]" started-at="2025-05-24T18:47:16Z" name="testMain" finished-at="2025-05-24T18:47:16Z" duration-ms="1" status="PASS">
          <reporter-output>
          </reporter-output>
        </test-method> <!-- testMain -->
      </class> <!-- Assignment_1.MainNGTest -->
    </test> <!-- TestNG tests -->
    <test started-at="2025-05-24T18:47:17Z" name="Assignment_1.LoginTest" finished-at="2025-05-24T18:47:17Z" duration-ms="65">
      <class name="Assignment_1.LoginTest">
        <test-method signature="testCheckPasswordComplexity()" started-at="2025-05-24T18:47:17Z" name="testCheckPasswordComplexity" finished-at="2025-05-24T18:47:17Z" duration-ms="27" status="PASS">
          <reporter-output>
          </reporter-output>
        </test-method> <!-- testCheckPasswordComplexity -->
        <test-method signature="testCheckUsername()" started-at="2025-05-24T18:47:17Z" name="testCheckUsername" finished-at="2025-05-24T18:47:17Z" duration-ms="30" status="PASS">
          <reporter-output>
          </reporter-output>
        </test-method> <!-- testCheckUsername -->
        <test-method signature="testCheckLocalPhoneNumber()" started-at="2025-05-24T18:47:17Z" name="testCheckLocalPhoneNumber" finished-at="2025-05-24T18:47:17Z" duration-ms="29" status="PASS">
          <reporter-output>
          </reporter-output>
        </test-method> <!-- testCheckLocalPhoneNumber -->
        <test-method signature="testRegisterUser()" started-at="2025-05-24T18:47:17Z" name="testRegisterUser" finished-at="2025-05-24T18:47:17Z" duration-ms="26" status="PASS">
          <reporter-output>
          </reporter-output>
        </test-method> <!-- testRegisterUser -->
        <test-method signature="testLoginUser()" started-at="2025-05-24T18:47:17Z" name="testLoginUser" finished-at="2025-05-24T18:47:17Z" duration-ms="26" status="PASS">
          <reporter-output>
          </reporter-output>
        </test-method> <!-- testLoginUser -->
        <test-method signature="testReturnLoginStatus()" started-at="2025-05-24T18:47:17Z" name="testReturnLoginStatus" finished-at="2025-05-24T18:47:17Z" duration-ms="26" status="PASS">
          <reporter-output>
          </reporter-output>
        </test-method> <!-- testReturnLoginStatus -->
      </class> <!-- Assignment_1.LoginTest -->
    </test> <!-- Assignment_1.LoginTest -->
    <test started-at="2025-05-24T18:47:17Z" name="Assignment_1.MainTest" finished-at="2025-05-24T18:47:17Z" duration-ms="0">
      <class name="Assignment_1.MainTest">
        <test-method signature="testMain()" started-at="2025-05-24T18:47:17Z" name="testMain" finished-at="2025-05-24T18:47:17Z" duration-ms="0" status="PASS">
          <reporter-output>
          </reporter-output>
        </test-method> <!-- testMain -->
      </class> <!-- Assignment_1.MainTest -->
    </test> <!-- Assignment_1.MainTest -->
    <test started-at="2025-05-24T18:47:17Z" name="Assignment_1.MessageTest" finished-at="2025-05-24T18:47:17Z" duration-ms="17">
      <class name="Assignment_1.MessageTest">
        <test-method signature="testIsReceived()" started-at="2025-05-24T18:47:17Z" name="testIsReceived" finished-at="2025-05-24T18:47:17Z" duration-ms="11" status="PASS">
          <reporter-output>
          </reporter-output>
        </test-method> <!-- testIsReceived -->
        <test-method signature="testStoreMessage()" started-at="2025-05-24T18:47:17Z" name="testStoreMessage" finished-at="2025-05-24T18:47:17Z" duration-ms="0" status="PASS">
          <reporter-output>
          </reporter-output>
        </test-method> <!-- testStoreMessage -->
        <test-method signature="testGetMessageNumber()" started-at="2025-05-24T18:47:17Z" name="testGetMessageNumber" finished-at="2025-05-24T18:47:17Z" duration-ms="0" status="PASS">
          <reporter-output>
          </reporter-output>
        </test-method> <!-- testGetMessageNumber -->
        <test-method signature="testIsRead()" started-at="2025-05-24T18:47:17Z" name="testIsRead" finished-at="2025-05-24T18:47:17Z" duration-ms="6" status="PASS">
          <reporter-output>
          </reporter-output>
        </test-method> <!-- testIsRead -->
        <test-method signature="testIsSent()" started-at="2025-05-24T18:47:17Z" name="testIsSent" finished-at="2025-05-24T18:47:17Z" duration-ms="6" status="PASS">
          <reporter-output>
          </reporter-output>
        </test-method> <!-- testIsSent -->
        <test-method signature="testGetMessageText()" started-at="2025-05-24T18:47:17Z" name="testGetMessageText" finished-at="2025-05-24T18:47:17Z" duration-ms="6" status="PASS">
          <reporter-output>
          </reporter-output>
        </test-method> <!-- testGetMessageText -->
        <test-method signature="testCheckMessageLength()" started-at="2025-05-24T18:47:17Z" name="testCheckMessageLength" finished-at="2025-05-24T18:47:17Z" duration-ms="6" status="PASS">
          <reporter-output>
          </reporter-output>
        </test-method> <!-- testCheckMessageLength -->
        <test-method signature="testSetReceived()" started-at="2025-05-24T18:47:17Z" name="testSetReceived" finished-at="2025-05-24T18:47:17Z" duration-ms="0" status="PASS">
          <reporter-output>
          </reporter-output>
        </test-method> <!-- testSetReceived -->
        <test-method signature="testSetRead()" started-at="2025-05-24T18:47:17Z" name="testSetRead" finished-at="2025-05-24T18:47:17Z" duration-ms="6" status="PASS">
          <reporter-output>
          </reporter-output>
        </test-method> <!-- testSetRead -->
        <test-method signature="testGetRecipient()" started-at="2025-05-24T18:47:17Z" name="testGetRecipient" finished-at="2025-05-24T18:47:17Z" duration-ms="10" status="PASS">
          <reporter-output>
          </reporter-output>
        </test-method> <!-- testGetRecipient -->
        <test-method signature="testSetSent()" started-at="2025-05-24T18:47:17Z" name="testSetSent" finished-at="2025-05-24T18:47:17Z" duration-ms="9" status="PASS">
          <reporter-output>
          </reporter-output>
        </test-method> <!-- testSetSent -->
        <test-method signature="testCreateMessageHash()" started-at="2025-05-24T18:47:17Z" name="testCreateMessageHash" finished-at="2025-05-24T18:47:17Z" duration-ms="10" status="PASS">
          <reporter-output>
          </reporter-output>
        </test-method> <!-- testCreateMessageHash -->
        <test-method signature="testGetMessageId()" started-at="2025-05-24T18:47:17Z" name="testGetMessageId" finished-at="2025-05-24T18:47:17Z" duration-ms="0" status="PASS">
          <reporter-output>
          </reporter-output>
        </test-method> <!-- testGetMessageId -->
        <test-method signature="testGetMessageLengthError()" started-at="2025-05-24T18:47:17Z" name="testGetMessageLengthError" finished-at="2025-05-24T18:47:17Z" duration-ms="0" status="PASS">
          <reporter-output>
          </reporter-output>
        </test-method> <!-- testGetMessageLengthError -->
        <test-method signature="testCheckRecipientCell()" started-at="2025-05-24T18:47:17Z" name="testCheckRecipientCell" finished-at="2025-05-24T18:47:17Z" duration-ms="0" status="PASS">
          <reporter-output>
          </reporter-output>
        </test-method> <!-- testCheckRecipientCell -->
      </class> <!-- Assignment_1.MessageTest -->
    </test> <!-- Assignment_1.MessageTest -->
    <test started-at="2025-05-24T18:47:17Z" name="Assignment_1.QuickChatAppTest" finished-at="2025-05-24T18:47:17Z" duration-ms="8">
      <class name="Assignment_1.QuickChatAppTest">
        <test-method signature="testStartApplication()" started-at="2025-05-24T18:47:17Z" name="testStartApplication" finished-at="2025-05-24T18:47:17Z" duration-ms="2" status="PASS">
          <reporter-output>
          </reporter-output>
        </test-method> <!-- testStartApplication -->
        <test-method signature="testGetTotalMessagesSent()" started-at="2025-05-24T18:47:17Z" name="testGetTotalMessagesSent" finished-at="2025-05-24T18:47:17Z" duration-ms="3" status="PASS">
          <reporter-output>
          </reporter-output>
        </test-method> <!-- testGetTotalMessagesSent -->
        <test-method signature="testGenerateMessageId()" started-at="2025-05-24T18:47:17Z" name="testGenerateMessageId" finished-at="2025-05-24T18:47:17Z" duration-ms="2" status="PASS">
          <reporter-output>
          </reporter-output>
        </test-method> <!-- testGenerateMessageId -->
        <test-method signature="testGetMessageStatus()" started-at="2025-05-24T18:47:17Z" name="testGetMessageStatus" finished-at="2025-05-24T18:47:17Z" duration-ms="3" status="PASS">
          <reporter-output>
          </reporter-output>
        </test-method> <!-- testGetMessageStatus -->
      </class> <!-- Assignment_1.QuickChatAppTest -->
    </test> <!-- Assignment_1.QuickChatAppTest -->
  </suite> <!-- ST1048177 -->
</testng-results>
